<?xml version="1.0" encoding="UTF-8"?><testrun name="stepDefinition.user_login_info_application_with_username_and_password" project="cucumber" tests="1" started="1" failures="0" errors="1" ignored="0">
  <testcase name="initializationError" classname="org.junit.runner.manipulation.Filter" time="0.022">
    <error>java.lang.Exception: No tests found matching [{ExactMatcher:fDisplayName=user_login_info_application_with_username_and_password], {ExactMatcher:fDisplayName=user_login_info_application_with_username_and_password(stepDefinition.stepDefinition)], {LeadingIdentifierMatcher:fClassName=stepDefinition.stepDefinition,fLeadingIdentifier=user_login_info_application_with_username_and_password]] from org.junit.internal.requests.ClassRequest@15615099&#13;
	at org.junit.internal.requests.FilterRequest.getRunner(FilterRequest.java:40)&#13;
	at org.eclipse.jdt.internal.junit4.runner.JUnit4TestLoader.createFilteredTest(JUnit4TestLoader.java:83)&#13;
	at org.eclipse.jdt.internal.junit4.runner.JUnit4TestLoader.createTest(JUnit4TestLoader.java:74)&#13;
	at org.eclipse.jdt.internal.junit4.runner.JUnit4TestLoader.loadTests(JUnit4TestLoader.java:49)&#13;
	at org.eclipse.jdt.internal.junit.runner.RemoteTestRunner.runTests(RemoteTestRunner.java:525)&#13;
	at org.eclipse.jdt.internal.junit.runner.RemoteTestRunner.runTests(RemoteTestRunner.java:763)&#13;
	at org.eclipse.jdt.internal.junit.runner.RemoteTestRunner.run(RemoteTestRunner.java:463)&#13;
	at org.eclipse.jdt.internal.junit.runner.RemoteTestRunner.main(RemoteTestRunner.java:209)&#13;
&#13;
</error>
  </testcase>
</testrun>
